#
# There is insufficient memory for the Java Runtime Environment to continue.
# Native memory allocation (mmap) failed to map 266338304 bytes for G1 virtual space
# Possible reasons:
#   The system is out of physical RAM or swap space
#   The process is running with CompressedOops enabled, and the Java Heap may be blocking the growth of the native heap
# Possible solutions:
#   Reduce memory load on the system
#   Increase physical memory or swap space
#   Check if swap backing store is full
#   Decrease Java heap size (-Xmx/-Xms)
#   Decrease number of Java threads
#   Decrease Java thread stack sizes (-Xss)
#   Set larger code cache with -XX:ReservedCodeCacheSize=
#   JVM is running with Zero Based Compressed Oops mode in which the Java heap is
#     placed in the first 32GB address space. The Java Heap base address is the
#     maximum limit for the native heap growth. Please use -XX:HeapBaseMinAddress
#     to set the Java Heap base and to place the Java Heap above 32GB virtual address.
# This output file may be truncated or incomplete.
#
#  Out of Memory Error (os_windows.cpp:3548), pid=23584, tid=12360
#
# JRE version:  (17.0.11+7) (build )
# Java VM: Java HotSpot(TM) 64-Bit Server VM (17.0.11+7-LTS-207, mixed mode, emulated-client, sharing, tiered, compressed oops, compressed class ptrs, g1 gc, windows-amd64)
# No core dump will be written. Minidumps are not enabled by default on client versions of Windows
#

---------------  S U M M A R Y ------------

Command Line: -Dcom.sun.management.jmxremote -Dcom.sun.management.jmxremote.port=56589 -Dcom.sun.management.jmxremote.authenticate=false -Dcom.sun.management.jmxremote.ssl=false -Djava.rmi.server.hostname=localhost -Dspring.jmx.enabled=true -Dmanagement.endpoints.jmx.exposure.include=* -Dspring.application.admin.enabled=true -XX:TieredStopAtLevel=1 -Dspring.boot.project.name=backend -Dfile.encoding=UTF-8 -Dstdout.encoding=UTF-8 -Dstderr.encoding=UTF-8 -XX:+ShowCodeDetailsInExceptionMessages com.example.demo.BackendApplication --spring.output.ansi.enabled=always

Host: Intel(R) Core(TM) i7-9700 CPU @ 3.00GHz, 8 cores, 15G,  Windows 11 , 64 bit Build 22621 (10.0.22621.4391)
Time: Thu Nov 21 11:40:54 2024  Windows 11 , 64 bit Build 22621 (10.0.22621.4391) elapsed time: 0.008593 seconds (0d 0h 0m 0s)

---------------  T H R E A D  ---------------

Current thread (0x000002362b5e2ad0):  JavaThread "Unknown thread" [_thread_in_vm, id=12360, stack(0x0000009989d00000,0x0000009989e00000)]

Stack: [0x0000009989d00000,0x0000009989e00000]
Native frames: (J=compiled Java code, j=interpreted, Vv=VM code, C=native code)
V  [jvm.dll+0x679cca]
V  [jvm.dll+0x7da13d]
V  [jvm.dll+0x7dba83]
V  [jvm.dll+0x7dc0f3]
V  [jvm.dll+0x2449af]
V  [jvm.dll+0x676ce9]
V  [jvm.dll+0x66b852]
V  [jvm.dll+0x3018d6]
V  [jvm.dll+0x308e76]
V  [jvm.dll+0x3596ee]
V  [jvm.dll+0x35991f]
V  [jvm.dll+0x2d89a8]
V  [jvm.dll+0x2d9914]
V  [jvm.dll+0x7ac6b1]
V  [jvm.dll+0x366f61]
V  [jvm.dll+0x78b609]
V  [jvm.dll+0x3ec22f]
V  [jvm.dll+0x3ede61]
C  [jli.dll+0x5297]
C  [ucrtbase.dll+0x29333]
C  [KERNEL32.DLL+0x1259d]
C  [ntdll.dll+0x5af38]


---------------  P R O C E S S  ---------------

Threads class SMR info:
_java_thread_list=0x00007fffb8297a18, length=0, elements={
}

Java Threads: ( => current thread )

Other Threads:
  0x000002362b64f7f0 GCTaskThread "GC Thread#0" [stack: 0x0000009989e00000,0x0000009989f00000] [id=10840]
  0x000002362b6604c0 ConcurrentGCThread "G1 Main Marker" [stack: 0x0000009989f00000,0x000000998a000000] [id=2748]
  0x000002362b663690 ConcurrentGCThread "G1 Conc#0" [stack: 0x000000998a000000,0x000000998a100000] [id=8076]

[error occurred during error reporting (printing all threads), id 0xc0000005, EXCEPTION_ACCESS_VIOLATION (0xc0000005) at pc=0x00007fffb7ac9497]

VM state: not at safepoint (not fully initialized)

VM Mutex/Monitor currently owned by a thread:  ([mutex/lock_event])
[0x000002362b5dda40] Heap_lock - owner thread: 0x000002362b5e2ad0

Heap address: 0x0000000702800000, size: 4056 MB, Compressed Oops mode: Zero based, Oop shift amount: 3

CDS archive(s) mapped at: [0x0000000000000000-0x0000000000000000-0x0000000000000000), size 0, SharedBaseAddress: 0x0000000800000000, ArchiveRelocationMode: 1.
Narrow klass base: 0x0000000000000000, Narrow klass shift: 0, Narrow klass range: 0x0

GC Precious Log:
<Empty>

Heap:
 garbage-first heap   total 0K, used 0K [0x0000000702800000, 0x0000000800000000)
  region size 2048K, 0 young (0K), 0 survivors (0K)

[error occurred during error reporting (printing heap information), id 0xc0000005, EXCEPTION_ACCESS_VIOLATION (0xc0000005) at pc=0x00007fffb7eb3559]

GC Heap History (0 events):
No events

Deoptimization events (0 events):
No events

Classes unloaded (0 events):
No events

Classes redefined (0 events):
No events

Internal exceptions (0 events):
No events

VM Operations (0 events):
No events

Events (1 events):
Event: 0.006 Loaded shared library C:\Program Files\Java\jdk-17\bin\java.dll


Dynamic libraries:
0x00007ff693300000 - 0x00007ff693310000 	C:\Program Files\Java\jdk-17\bin\javaw.exe
0x00007ff8309f0000 - 0x00007ff830c07000 	C:\Windows\SYSTEM32\ntdll.dll
0x00007ff82fc30000 - 0x00007ff82fcf4000 	C:\Windows\System32\KERNEL32.DLL
0x00007ff82e0f0000 - 0x00007ff82e4a9000 	C:\Windows\System32\KERNELBASE.dll
0x00007ff82e4b0000 - 0x00007ff82e5c1000 	C:\Windows\System32\ucrtbase.dll
0x00007ff81d690000 - 0x00007ff81d6ab000 	C:\Program Files\Java\jdk-17\bin\VCRUNTIME140.dll
0x00007ff817bc0000 - 0x00007ff817bd9000 	C:\Program Files\Java\jdk-17\bin\jli.dll
0x00007ff82f160000 - 0x00007ff82f212000 	C:\Windows\System32\ADVAPI32.dll
0x00007ff82fa60000 - 0x00007ff82fb07000 	C:\Windows\System32\msvcrt.dll
0x00007ff82f760000 - 0x00007ff82f807000 	C:\Windows\System32\sechost.dll
0x00007ff82dfb0000 - 0x00007ff82dfd8000 	C:\Windows\System32\bcrypt.dll
0x00007ff82ed20000 - 0x00007ff82ee34000 	C:\Windows\System32\RPCRT4.dll
0x00007ff82f220000 - 0x00007ff82f3ce000 	C:\Windows\System32\USER32.dll
0x00007ff82de10000 - 0x00007ff82de36000 	C:\Windows\System32\win32u.dll
0x00007ff80c6b0000 - 0x00007ff80c942000 	C:\Windows\WinSxS\amd64_microsoft.windows.common-controls_6595b64144ccf1df_6.0.22621.4391_none_2715d37f73803e96\COMCTL32.dll
0x00007ff82feb0000 - 0x00007ff82fed9000 	C:\Windows\System32\GDI32.dll
0x00007ff82dcf0000 - 0x00007ff82de0b000 	C:\Windows\System32\gdi32full.dll
0x00007ff82e050000 - 0x00007ff82e0ea000 	C:\Windows\System32\msvcp_win.dll
0x00007ff828160000 - 0x00007ff82816a000 	C:\Windows\SYSTEM32\VERSION.dll
0x00007ff82fb10000 - 0x00007ff82fb41000 	C:\Windows\System32\IMM32.DLL
0x00007ff821ea0000 - 0x00007ff821eac000 	C:\Program Files\Java\jdk-17\bin\vcruntime140_1.dll
0x00007ff809260000 - 0x00007ff8092ee000 	C:\Program Files\Java\jdk-17\bin\msvcp140.dll
0x00007fffb77e0000 - 0x00007fffb83c0000 	C:\Program Files\Java\jdk-17\bin\server\jvm.dll
0x00007ff82ed10000 - 0x00007ff82ed18000 	C:\Windows\System32\PSAPI.DLL
0x00007ff8142f0000 - 0x00007ff8142f9000 	C:\Windows\SYSTEM32\WSOCK32.dll
0x00007ff82ec90000 - 0x00007ff82ed01000 	C:\Windows\System32\WS2_32.dll
0x00007ff81f720000 - 0x00007ff81f754000 	C:\Windows\SYSTEM32\WINMM.dll
0x00007ff82cd30000 - 0x00007ff82cd48000 	C:\Windows\SYSTEM32\kernel.appcore.dll
0x00007ff821e40000 - 0x00007ff821e4a000 	C:\Program Files\Java\jdk-17\bin\jimage.dll
0x00007ff828480000 - 0x00007ff8286b2000 	C:\Windows\SYSTEM32\DBGHELP.DLL
0x00007ff82f3d0000 - 0x00007ff82f75f000 	C:\Windows\System32\combase.dll
0x00007ff82f810000 - 0x00007ff82f8e7000 	C:\Windows\System32\OLEAUT32.dll
0x00007ff8282e0000 - 0x00007ff828312000 	C:\Windows\SYSTEM32\dbgcore.DLL
0x00007ff82e5d0000 - 0x00007ff82e64b000 	C:\Windows\System32\bcryptPrimitives.dll
0x00007ff80c630000 - 0x00007ff80c655000 	C:\Program Files\Java\jdk-17\bin\java.dll

dbghelp: loaded successfully - version: 4.0.5 - missing functions: none
symbol engine: initialized successfully - sym options: 0x614 - pdb path: .;C:\Program Files\Java\jdk-17\bin;C:\Windows\SYSTEM32;C:\Windows\WinSxS\amd64_microsoft.windows.common-controls_6595b64144ccf1df_6.0.22621.4391_none_2715d37f73803e96;C:\Program Files\Java\jdk-17\bin\server

VM Arguments:
jvm_args: -Dcom.sun.management.jmxremote -Dcom.sun.management.jmxremote.port=56589 -Dcom.sun.management.jmxremote.authenticate=false -Dcom.sun.management.jmxremote.ssl=false -Djava.rmi.server.hostname=localhost -Dspring.jmx.enabled=true -Dmanagement.endpoints.jmx.exposure.include=* -Dspring.application.admin.enabled=true -XX:TieredStopAtLevel=1 -Dspring.boot.project.name=backend -Dfile.encoding=UTF-8 -Dstdout.encoding=UTF-8 -Dstderr.encoding=UTF-8 -XX:+ShowCodeDetailsInExceptionMessages 
java_command: com.example.demo.BackendApplication --spring.output.ansi.enabled=always
java_class_path (initial): D:\Spring Boot\workspace\backend\bin\main;C:\Users\BITCAMP\.gradle\caches\modules-2\files-2.1\org.projectlombok\lombok\1.18.34\ec547ef414ab1d2c040118fb9c1c265ada63af14\lombok-1.18.34.jar;C:\Users\BITCAMP\.gradle\caches\modules-2\files-2.1\org.springframework.boot\spring-boot-starter-thymeleaf\3.3.5\5fa47cb90c1ff87b9273fcf01b56bff77810077e\spring-boot-starter-thymeleaf-3.3.5.jar;C:\Users\BITCAMP\.gradle\caches\modules-2\files-2.1\org.springframework.boot\spring-boot-starter-web\3.3.5\51cc6cd5fb15f4eecfadea4ac689ed290e65c2cc\spring-boot-starter-web-3.3.5.jar;C:\Users\BITCAMP\.gradle\caches\modules-2\files-2.1\org.mybatis.spring.boot\mybatis-spring-boot-starter\3.0.3\19528356bf8bad2be5f8bf796dfc30bcc4996054\mybatis-spring-boot-starter-3.0.3.jar;C:\Users\BITCAMP\.gradle\caches\modules-2\files-2.1\commons-fileupload\commons-fileupload\1.5\ad4ad2ab2961b4e1891472bd1a33fabefb0385f3\commons-fileupload-1.5.jar;C:\Users\BITCAMP\.gradle\caches\modules-2\files-2.1\commons-io\commons-io\2.16.1\377d592e740dc77124e0901291dbfaa6810a200e\commons-io-2.16.1.jar;C:\Users\BITCAMP\.gradle\caches\modules-2\files-2.1\com.amazonaws\aws-java-sdk-s3\1.12.610\b249731204d0a44bb575aac8b4546e90ce161808\aws-java-sdk-s3-1.12.610.jar;C:\Users\BITCAMP\.gradle\caches\modules-2\files-2.1\org.springframework.boot\spring-boot-starter-json\3.3.5\a92dd0bc808c9de278bc62bc37db4e409027657a\spring-boot-starter-json-3.3.5.jar;C:\Users\BITCAMP\.gradle\caches\modules-2\files-2.1\org.springframework.boot\spring-boot-starter-jdbc\3.3.5\64c2c63ff90dffcd6996b3cd11e5d7e9805884d2\spring-boot-starter-jdbc-3.3.5.jar;C:\Users\BITCAMP\.gradle\caches\modules-2\files-2.1\org.springframework.boot\spring-boot-starter\3.3.5\16b7a9acf1918a8f763e871ada3794e9ffd4a980\spring-boot-starter-3.3.5.jar;C:\Users\BITCAMP\.gradle\caches\modules-2\files-2.1\org.thymeleaf\thymeleaf-spring6\3.1.2.RELEASE\6030c7b4e260c41336f378e53da6e8531263f24b\thymeleaf-spring6-3.1.2.RELEASE.jar;C:\Users\BITCAMP\.gradle\caches\mod
Launcher Type: SUN_STANDARD

[Global flags]
     intx CICompilerCount                          = 4                                         {product} {ergonomic}
     uint ConcGCThreads                            = 2                                         {product} {ergonomic}
     uint G1ConcRefinementThreads                  = 8                                         {product} {ergonomic}
   size_t G1HeapRegionSize                         = 2097152                                   {product} {ergonomic}
    uintx GCDrainStackTargetSize                   = 64                                        {product} {ergonomic}
   size_t InitialHeapSize                          = 266338304                                 {product} {ergonomic}
     bool ManagementServer                         = true                                      {product} {command line}
   size_t MarkStackSize                            = 4194304                                   {product} {ergonomic}
   size_t MaxHeapSize                              = 4253024256                                {product} {ergonomic}
   size_t MinHeapDeltaBytes                        = 2097152                                   {product} {ergonomic}
   size_t MinHeapSize                              = 8388608                                   {product} {ergonomic}
    uintx NonProfiledCodeHeapSize                  = 0                                      {pd product} {ergonomic}
     bool ProfileInterpreter                       = false                                  {pd product} {command line}
    uintx ProfiledCodeHeapSize                     = 0                                      {pd product} {ergonomic}
     bool ShowCodeDetailsInExceptionMessages       = true                                   {manageable} {command line}
   size_t SoftMaxHeapSize                          = 4253024256                             {manageable} {ergonomic}
     intx TieredStopAtLevel                        = 1                                         {product} {command line}
     bool UseCompressedClassPointers               = true                           {product lp64_product} {ergonomic}
     bool UseCompressedOops                        = true                           {product lp64_product} {ergonomic}
     bool UseG1GC                                  = true                                      {product} {ergonomic}
     bool UseLargePagesIndividualAllocation        = false                                  {pd product} {ergonomic}

Logging:
Log output configuration:
 #0: stdout all=warning uptime,level,tags
 #1: stderr all=off uptime,level,tags

Environment Variables:
JAVA_HOME=C:\Program Files\Java\jdk-17
CLASSPATH=C:\Program Files\Apache Software Foundation\Tomcat 9.0\lib\servlet-api.jar
PATH=D:/Spring Boot/sts-4.26.0.RELEASE//plugins/org.eclipse.justj.openjdk.hotspot.jre.full.win32.x86_64_21.0.4.v20240802-1551/jre/bin/server;D:/Spring Boot/sts-4.26.0.RELEASE//plugins/org.eclipse.justj.openjdk.hotspot.jre.full.win32.x86_64_21.0.4.v20240802-1551/jre/bin;C:\app\BITCAMP\product\21c\dbhomeXE\bin;%JAVA_HOME%bin;C:\Program Files\Common Files\Oracle\Java\javapath;C:\Windows\system32;C:\Windows;C:\Windows\System32\Wbem;C:\Windows\System32\WindowsPowerShell\v1.0\;C:\Windows\System32\OpenSSH\;C:\Program Files\Bandizip\;C:\Program Files\Git\cmd;C:\Program Files\nodejs\;C:\Program Files (x86)\Yarn\bin\;C:\Users\BITCAMP\AppData\Local\Microsoft\WindowsApps;C:\Users\BITCAMP\AppData\Roaming\npm;C:\Users\BITCAMP\AppData\Local\Yarn\bin;D:\Microsoft VS Code\bin;D:\Spring Boot\sts-4.26.0.RELEASE;
USERNAME=BITCAMP
OS=Windows_NT
PROCESSOR_IDENTIFIER=Intel64 Family 6 Model 158 Stepping 13, GenuineIntel



---------------  S Y S T E M  ---------------

OS:
 Windows 11 , 64 bit Build 22621 (10.0.22621.4391)
OS uptime: 6 days 8:00 hours

CPU: total 8 (initial active 8) (8 cores per cpu, 1 threads per core) family 6 model 158 stepping 13 microcode 0xec, cx8, cmov, fxsr, mmx, 3dnowpref, sse, sse2, sse3, ssse3, sse4.1, sse4.2, popcnt, lzcnt, tsc, tscinvbit, avx, avx2, aes, erms, clmul, bmi1, bmi2, adx, fma, vzeroupper, clflush, clflushopt

Memory: 4k page, system-wide physical 16222M (3702M free)
TotalPageFile size 46616M (AvailPageFile size 135M)
current process WorkingSet (physical memory assigned to process): 11M, peak: 11M
current process commit charge ("private bytes"): 55M, peak: 309M

vm_info: Java HotSpot(TM) 64-Bit Server VM (17.0.11+7-LTS-207) for windows-amd64 JRE (17.0.11+7-LTS-207), built on Mar 11 2024 19:01:50 by "mach5one" with MS VC++ 17.6 (VS2022)

END.
